<?xml version="1.0" encoding="UTF-8"?>
<!-- Generated by org.testng.reporters.JUnitReportReporter -->
<testsuite hostname="Lenovo" failures="0" tests="3" name="Tests.LoginTest" time="20.911" errors="0" timestamp="2025-02-18T19:46:12 IST" skipped="0">
  <testcase classname="Tests.LoginTest" name="testLogin" time="7.123"/>
  <system-out/>
  <testcase classname="Tests.LoginTest" name="testLogin" time="7.008"/>
  <system-out/>
  <testcase classname="Tests.LoginTest" name="testLogin" time="6.780"/>
  <system-out/>
</testsuite> <!-- Tests.LoginTest -->
