<?xml version="1.0" encoding="UTF-8"?>
<!-- Generated by org.testng.reporters.JUnitReportReporter -->
<testsuite hostname="Lenovo" failures="0" tests="3" name="Tests.LoginTest" time="17.846" errors="0" timestamp="2025-02-20T00:25:27 IST" skipped="0">
  <testcase classname="Tests.LoginTest" name="testLogin" time="5.481"/>
  <system-out/>
  <testcase classname="Tests.LoginTest" name="testLogin" time="7.002"/>
  <system-out/>
  <testcase classname="Tests.LoginTest" name="testLogin" time="5.363"/>
  <system-out/>
</testsuite> <!-- Tests.LoginTest -->
