<?xml version="1.0" encoding="UTF-8"?>
<!-- Generated by org.testng.reporters.JUnitReportReporter -->
<testsuite hostname="Lenovo" failures="0" tests="1" name="Tests.BookingTest" time="23.773" errors="0" timestamp="2025-02-18T19:46:12 IST" skipped="0">
  <testcase classname="Tests.BookingTest" name="testBooking" time="23.773"/>
  <system-out/>
</testsuite> <!-- Tests.BookingTest -->
