<?xml version="1.0" encoding="UTF-8"?>
<!-- Generated by org.testng.reporters.JUnitReportReporter -->
<testsuite hostname="Lenovo" failures="0" tests="2" name="Tests.SearchHotelTest" time="15.700" errors="0" timestamp="2025-02-20T00:32:39 IST" skipped="0">
  <testcase classname="Tests.SearchHotelTest" name="testHotelSearch" time="8.516"/>
  <system-out/>
  <testcase classname="Tests.SearchHotelTest" name="testHotelSearch" time="7.184"/>
  <system-out/>
</testsuite> <!-- Tests.SearchHotelTest -->
