<?xml version="1.0" encoding="UTF-8"?>
<!-- Generated by org.testng.reporters.JUnitReportReporter -->
<testsuite hostname="Lenovo" failures="0" tests="3" name="Tests.AllTest" time="0.039" errors="0" timestamp="2025-02-18T19:41:42 IST" skipped="0">
  <testcase classname="Tests.AllTest" name="testSearchHotel" time="0.001"/>
  <system-out/>
  <testcase classname="Tests.AllTest" name="testBooking" time="0.024"/>
  <system-out/>
  <testcase classname="Tests.AllTest" name="testLogin" time="0.014"/>
  <system-out/>
</testsuite> <!-- Tests.AllTest -->
