<?xml version="1.0" encoding="UTF-8"?>
<!-- Generated by org.testng.reporters.JUnitReportReporter -->
<testsuite hostname="Lenovo" failures="0" tests="2" name="Tests.SearchHotelTest" time="21.654" errors="0" timestamp="2025-02-18T19:46:12 IST" skipped="0">
  <testcase classname="Tests.SearchHotelTest" name="testHotelSearch" time="12.377"/>
  <system-out/>
  <testcase classname="Tests.SearchHotelTest" name="testHotelSearch" time="9.277"/>
  <system-out/>
</testsuite> <!-- Tests.SearchHotelTest -->
